<?xml version="1.0" encoding="UTF-8"?>
<testng-results skipped="0" failed="0" ignored="0" total="2" passed="2">
  <reporter-output>
  </reporter-output>
  <suite name="Suite" duration-ms="3286" started-at="2022-04-05T10:39:47 UTC" finished-at="2022-04-05T10:39:50 UTC">
    <groups>
    </groups>
    <test name="Test" duration-ms="3286" started-at="2022-04-05T10:39:47 UTC" finished-at="2022-04-05T10:39:50 UTC">
      <class name="com.example.jenkinsimplilearn.TestClass">
        <test-method status="PASS" signature="test1()[pri:0, instance:com.example.jenkinsimplilearn.TestClass@7cbd213e]" name="test1" duration-ms="3242" started-at="2022-04-05T10:39:47 UTC" finished-at="2022-04-05T10:39:50 UTC">
          <reporter-output>
          </reporter-output>
        </test-method> <!-- test1 -->
        <test-method status="PASS" signature="test2()[pri:0, instance:com.example.jenkinsimplilearn.TestClass@7cbd213e]" name="test2" duration-ms="2" started-at="2022-04-05T10:39:50 UTC" finished-at="2022-04-05T10:39:50 UTC">
          <reporter-output>
          </reporter-output>
        </test-method> <!-- test2 -->
      </class> <!-- com.example.jenkinsimplilearn.TestClass -->
    </test> <!-- Test -->
  </suite> <!-- Suite -->
</testng-results>
